<?xml version="1.0" encoding="UTF-8"?>
<!-- Generated by org.testng.reporters.JUnitXMLReporter -->
<testsuite hostname="baixf.local" name="test_module1" tests="6" failures="1" timestamp="10 Mar 2017 07:52:25 GMT" time="0.036" errors="0">
  <testcase name="dependsMethod" time="0.0" classname="com.vdrips.testcase.TestA">
    <failure type="java.lang.Exception" message="dependsMethod Exception">
      <![CDATA[java.lang.Exception: dependsMethod Exception
	at com.vdrips.testcase.TestA.dependsMethod(TestA.java:61)
	at com.sun.proxy.$Proxy0.invoke(Unknown Source)
... Removed 32 stack frames]]>
    </failure>
  </testcase> <!-- dependsMethod -->
  <testcase name="verifyData" time="0.0" classname="com.vdrips.testcase.TestA"/>
  <testcase name="verifyData" time="0.001" classname="com.vdrips.testcase.TestA"/>
  <testcase name="test1" time="0.0" classname="com.vdrips.testcase.TestA"/>
  <testcase name="method" time="0.0" classname="com.vdrips.testcase.TestA">
    <skipped/>
  </testcase> <!-- method -->
  <testcase name="skipMethod" time="0.0" classname="com.vdrips.testcase.TestA"/>
</testsuite> <!-- test_module1 -->
