-------------------------------------------------------------------------------
Test set: TestSuite
-------------------------------------------------------------------------------
Tests run: 6, Failures: 1, Errors: 0, Skipped: 1, Time elapsed: 0.395 sec <<< FAILURE!
dependsMethod(com.vdrips.testcase.TestA)  Time elapsed: 0.007 sec  <<< FAILURE!
java.lang.Exception: dependsMethod Exception
	at com.vdrips.testcase.TestA.dependsMethod(TestA.java:61)

