<?xml version="1.0" encoding="UTF-8" ?>
<testsuite tests="6" failures="1" name="TestSuite" time="0.394" errors="0" skipped="1">
  <properties>
[...]
</properties>
  <testcase classname="com.vdrips.testcase.TestA" name="dependsMethod" time="0.007">
    <failure message="dependsMethod Exception" type="java.lang.Exception">java.lang.Exception: dependsMethod Exception
	at com.vdrips.testcase.TestA.dependsMethod(TestA.java:61)
</failure>
    <system-out>@HL
@HL-------------------------------------------------------
@HL T E S T S
@HL-------------------------------------------------------
@SLRunning TestSuite
A beforeClass browser=firefox env=test
A1_before_method
A dependsMethod
</system-out>
  </testcase>
  <testcase classname="com.vdrips.testcase.TestA" name="verifyData" time="0.001"/>
  <testcase classname="com.vdrips.testcase.TestA" name="verifyData" time="0"/>
  <testcase classname="com.vdrips.testcase.TestA" name="test1" time="0"/>
  <testcase classname="com.vdrips.testcase.TestA" name="method" time="0.003">
    <skipped/>
  </testcase>
  <testcase classname="com.vdrips.testcase.TestA" name="skipMethod" time="0"/>
</testsuite>